2026-04-10 20:31:16 | INFO     | Logger iniciado. Archivo de log: c:\Users\lvarg\OneDrive\Escritorio\Proyecto\proyecto_indicadores\logs\proceso_20260410_203116.log
2026-04-10 20:31:16 | INFO     | Rutas seleccionadas:
2026-04-10 20:31:16 | INFO     |   Maestro        : C:\Users\lvarg\OneDrive\Escritorio\Proyecto\Maestro.xlsx
2026-04-10 20:31:16 | INFO     |   Individuales   : C:\Users\lvarg\OneDrive\Escritorio\Proyecto\Indicadores
2026-04-10 20:31:16 | INFO     |   Salida         : C:\Users\lvarg\OneDrive\Escritorio\Maestro_actualizado.xlsx
2026-04-10 20:31:16 | INFO     | ────────────────────────────────────────────────────────────
2026-04-10 20:31:16 | INFO     | PASO 1: Cargando el maestro...
2026-04-10 20:31:16 | INFO     | Leyendo maestro: Maestro.xlsx
2026-04-10 20:31:16 | INFO     |   → 1231 registros cargados del maestro.
2026-04-10 20:31:16 | INFO     |   → Maestro validado correctamente.
2026-04-10 20:31:16 | INFO     | ────────────────────────────────────────────────────────────
2026-04-10 20:31:16 | INFO     | PASO 2: Creando backup del maestro...
2026-04-10 20:31:16 | INFO     |   → Backup creado: Maestro_backup_20260410_203116.xlsx
2026-04-10 20:31:16 | INFO     | ────────────────────────────────────────────────────────────
2026-04-10 20:31:16 | INFO     | PASO 3: Buscando archivos individuales...
2026-04-10 20:31:16 | INFO     |   → 1 archivo(s) encontrado(s).
2026-04-10 20:31:16 | INFO     | ────────────────────────────────────────────────────────────
2026-04-10 20:31:16 | INFO     | PASO 4: Procesando archivos individuales...
2026-04-10 20:31:16 | INFO     | 
  Procesando: INDICADORES_ANALISIS_CUANTITATIVO_202603.xlsx
2026-04-10 20:31:16 | INFO     |   [FECHA] Celda H2: None (tipo: NoneType)
2026-04-10 20:31:16 | WARNING  |   [FECHA] H2 vacía o inválida. Buscando fecha en celdas vecinas...
2026-04-10 20:31:16 | WARNING  |   [FECHA] No se encontró fecha en celdas. Extraída del nombre del archivo 'INDICADORES_ANALISIS_CUANTITATIVO_202603.xlsx': 2026-03-01 (día 1 del periodo)
2026-04-10 20:31:16 | INFO     |   Fecha H2: 2026-03-01 | Periodo: 202603
2026-04-10 20:31:16 | DEBUG    | Leyendo datos de individual: INDICADORES_ANALISIS_CUANTITATIVO_202603.xlsx
2026-04-10 20:31:16 | DEBUG    |   → 14 registros leídos de INDICADORES_ANALISIS_CUANTITATIVO_202603.xlsx
2026-04-10 20:31:16 | ERROR    |   [ERROR COLUMNAS] Columnas faltantes en 'INDICADORES_ANALISIS_CUANTITATIVO_202603.xlsx': ['Equipo', 'Clave', 'Indicador', 'Ejecucion']
2026-04-10 20:31:16 | INFO     | ────────────────────────────────────────────────────────────
2026-04-10 20:31:16 | INFO     | PASO 5: Guardando maestro actualizado...
2026-04-10 20:31:17 | INFO     |   → Maestro actualizado guardado en: C:\Users\lvarg\OneDrive\Escritorio\Maestro_actualizado.xlsx
2026-04-10 20:31:17 | INFO     | ────────────────────────────────────────────────────────────
2026-04-10 20:31:17 | INFO     | RESUMEN FINAL:
2026-04-10 20:31:17 | INFO     |   Archivos procesados  : 0
2026-04-10 20:31:17 | INFO     |   Registros actualizados: 0
2026-04-10 20:31:17 | INFO     |   No encontrados       : 0
2026-04-10 20:31:17 | INFO     |   Ambiguos             : 0
2026-04-10 20:31:17 | INFO     |   Dup. en maestro      : 0
2026-04-10 20:31:17 | INFO     |   Dup. en individuales : 0
2026-04-10 20:31:17 | INFO     |   Errores de fecha     : 0
2026-04-10 20:31:17 | INFO     |   Errores generales    : 1
2026-04-10 20:31:17 | INFO     | ────────────────────────────────────────────────────────────
2026-04-10 20:31:17 | INFO     | PASO 6: Generando reporte final...
2026-04-10 20:31:17 | INFO     | Reporte generado: c:\Users\lvarg\OneDrive\Escritorio\Proyecto\proyecto_indicadores\reports\Reporte_Indicadores_20260410_203117.xlsx
2026-04-10 20:31:17 | INFO     |   → Reporte disponible en: c:\Users\lvarg\OneDrive\Escritorio\Proyecto\proyecto_indicadores\reports\Reporte_Indicadores_20260410_203117.xlsx
2026-04-10 20:31:17 | INFO     | ────────────────────────────────────────────────────────────
2026-04-10 20:31:17 | INFO     | Proceso finalizado.
