2026-04-10 21:05:29 | INFO     | Logger iniciado. Archivo de log: c:\Users\lvarg\OneDrive\Escritorio\Proyecto\proyecto_indicadores\logs\proceso_20260410_210529.log
2026-04-10 21:05:29 | INFO     | Rutas seleccionadas:
2026-04-10 21:05:29 | INFO     |   Maestro        : C:\Users\lvarg\OneDrive\Escritorio\Proyecto\Maestro.xlsx
2026-04-10 21:05:29 | INFO     |   Individuales   : C:\Users\lvarg\OneDrive\Escritorio\Proyecto\Indicadores
2026-04-10 21:05:29 | INFO     |   Salida         : C:\Users\lvarg\OneDrive\Escritorio\Maestro_actualizado.xlsx
2026-04-10 21:05:29 | INFO     | ────────────────────────────────────────────────────────────
2026-04-10 21:05:29 | INFO     | PASO 1: Cargando el maestro...
2026-04-10 21:05:29 | INFO     | Leyendo maestro: Maestro.xlsx
2026-04-10 21:05:29 | INFO     |   → 1231 registros cargados del maestro.
2026-04-10 21:05:29 | INFO     |   → Maestro validado correctamente.
2026-04-10 21:05:29 | INFO     | ────────────────────────────────────────────────────────────
2026-04-10 21:05:29 | INFO     | PASO 2: Creando backup del maestro...
2026-04-10 21:05:29 | INFO     |   → Backup creado: Maestro_backup_20260410_210529.xlsx
2026-04-10 21:05:29 | INFO     | ────────────────────────────────────────────────────────────
2026-04-10 21:05:29 | INFO     | PASO 3: Buscando archivos individuales...
2026-04-10 21:05:29 | INFO     |   → 1 archivo(s) encontrado(s).
2026-04-10 21:05:29 | INFO     | ────────────────────────────────────────────────────────────
2026-04-10 21:05:29 | INFO     | PASO 4: Procesando archivos individuales...
2026-04-10 21:05:29 | INFO     | 
  Procesando: INDICADORES_ANALISIS_CUANTITATIVO_202603.xlsx
2026-04-10 21:05:29 | INFO     |   [DIAG] Hojas en el archivo: ['Instrucciones', '📊 Ejecución Mensual', '📚 Mis Indicadores']
2026-04-10 21:05:29 | INFO     |     [Instrucciones] A1: 'PLANTILLA MENSUAL DE EJECUCIÓN — ANALISIS CUANTITATIVO' (str)
2026-04-10 21:05:29 | INFO     |     [Instrucciones] A2: 'Período: 03/2026  ·  3 indicadores  ·  Solo diligencie la columna EJECUCIÓN' (str)
2026-04-10 21:05:29 | INFO     |     [Instrucciones] A4: '¿QUÉ DEBE HACER?' (str)
2026-04-10 21:05:29 | INFO     |     [Instrucciones] A5: "1. Vaya a la pestaña '📊 Ejecución Mensual' en la parte inferior." (str)
2026-04-10 21:05:29 | INFO     |     [📊 Ejecución Mensual] A1: 'EJECUCIÓN DE INDICADORES — ANALISIS CUANTITATIVO — 04/2026' (str)
2026-04-10 21:05:29 | INFO     |     [📊 Ejecución Mensual] A2: 'Equipo:' (str)
2026-04-10 21:05:29 | INFO     |     [📊 Ejecución Mensual] B2: 'Analisis cuantitativo' (str)
2026-04-10 21:05:29 | INFO     |     [📊 Ejecución Mensual] C2: 'Período:' (str)
2026-04-10 21:05:29 | INFO     |     [📊 Ejecución Mensual] D2: 202604 (int)
2026-04-10 21:05:29 | INFO     |     [📊 Ejecución Mensual] E2: 'Responsable:' (str)
2026-04-10 21:05:29 | INFO     |     [📊 Ejecución Mensual] F2: 'Luis vargas' (str)
2026-04-10 21:05:29 | INFO     |     [📊 Ejecución Mensual] G2: 'Fecha de diligenciamiento:' (str)
2026-04-10 21:05:29 | INFO     |     [📊 Ejecución Mensual] H2: datetime.datetime(2026, 4, 10, 0, 0) (datetime)
2026-04-10 21:05:29 | INFO     |     [📊 Ejecución Mensual] A4: 'Equipo' (str)
2026-04-10 21:05:29 | INFO     |     [📊 Ejecución Mensual] B4: 'Período' (str)
2026-04-10 21:05:29 | INFO     |     [📊 Ejecución Mensual] C4: 'Indicador' (str)
2026-04-10 21:05:29 | INFO     |     [📊 Ejecución Mensual] D4: 'Unidad' (str)
2026-04-10 21:05:29 | INFO     |     [📊 Ejecución Mensual] E4: 'Periodicidad' (str)
2026-04-10 21:05:29 | INFO     |     [📊 Ejecución Mensual] F4: 'Ejecución *' (str)
2026-04-10 21:05:29 | INFO     |     [📊 Ejecución Mensual] A5: 'Analisis cuantitativo' (str)
2026-04-10 21:05:29 | INFO     |     [📊 Ejecución Mensual] B5: 202604 (int)
2026-04-10 21:05:29 | INFO     |     [📊 Ejecución Mensual] C5: 'Performance MAN' (str)
2026-04-10 21:05:29 | INFO     |     [📊 Ejecución Mensual] D5: '% Porcentaje' (str)
2026-04-10 21:05:29 | INFO     |     [📊 Ejecución Mensual] E5: 'Mensual' (str)
2026-04-10 21:05:29 | INFO     |     [📊 Ejecución Mensual] F5: 50 (int)
2026-04-10 21:05:29 | INFO     |     [📚 Mis Indicadores] A1: 'Lista de indicadores — Analisis cuantitativo  (3 indicadores)' (str)
2026-04-10 21:05:29 | INFO     |     [📚 Mis Indicadores] A2: 'Indicador' (str)
2026-04-10 21:05:29 | INFO     |     [📚 Mis Indicadores] B2: 'Unidad' (str)
2026-04-10 21:05:29 | INFO     |     [📚 Mis Indicadores] C2: 'Periodicidad' (str)
2026-04-10 21:05:29 | INFO     |     [📚 Mis Indicadores] A3: 'Performance MAN' (str)
2026-04-10 21:05:29 | INFO     |     [📚 Mis Indicadores] B3: '% Porcentaje' (str)
2026-04-10 21:05:29 | INFO     |     [📚 Mis Indicadores] C3: 'Mensual' (str)
2026-04-10 21:05:29 | INFO     |     [📚 Mis Indicadores] A4: 'Performance INV' (str)
2026-04-10 21:05:29 | INFO     |     [📚 Mis Indicadores] B4: '% Porcentaje' (str)
2026-04-10 21:05:29 | INFO     |     [📚 Mis Indicadores] C4: 'Mensual' (str)
2026-04-10 21:05:29 | INFO     |     [📚 Mis Indicadores] A5: 'Performance MAV' (str)
2026-04-10 21:05:29 | INFO     |     [📚 Mis Indicadores] B5: '% Porcentaje' (str)
2026-04-10 21:05:29 | INFO     |     [📚 Mis Indicadores] C5: 'Mensual' (str)
2026-04-10 21:05:29 | INFO     |   [FECHA] Leyendo H2 desde hoja de datos: '📊 Ejecución Mensual'
2026-04-10 21:05:29 | INFO     |   [FECHA] Leída desde H2: 2026-04-10
2026-04-10 21:05:29 | INFO     |   Fecha: 2026-04-10 | Periodo ejecucion: 202604
2026-04-10 21:05:29 | DEBUG    | Leyendo datos de individual: INDICADORES_ANALISIS_CUANTITATIVO_202603.xlsx
2026-04-10 21:05:29 | INFO     |   [HOJA] 'Instrucciones' → score=0 (fila candidata: 1)
2026-04-10 21:05:29 | INFO     |   [HOJA] '📊 Ejecución Mensual' → score=3 (fila candidata: 4)
2026-04-10 21:05:29 | INFO     |   [HOJA] '📚 Mis Indicadores' → score=1 (fila candidata: 2)
2026-04-10 21:05:29 | INFO     |   [HOJA] Seleccionada: '📊 Ejecución Mensual' | Encabezado en fila 4 | Score=3
2026-04-10 21:05:29 | INFO     |   [COLUMNA] Renombrada: 'Ejecución *' → 'Ejecucion'
2026-04-10 21:05:29 | INFO     |   Columnas encontradas: ['Equipo', 'Período', 'Indicador', 'Unidad', 'Periodicidad', 'Ejecucion']
2026-04-10 21:05:29 | INFO     |   → 4 registros leídos.
2026-04-10 21:05:29 | INFO     |   Maestro filtrado a Periodo_YYYYMM=202604: 0 filas.
2026-04-10 21:05:29 | ERROR    |   [SIN DATOS] El maestro no tiene ninguna fila con Periodo_YYYYMM=202604. Períodos disponibles en el maestro: [202201, 202202, 202203, 202204, 202205, 202206, 202207, 202208, 202209, 202210, 202211, 202212, 202301, 202302, 202303, 202304, 202305, 202306, 202307, 202308, 202309, 202310, 202311, 202312, 202401, 202402, 202403, 202404, 202405, 202406, 202407, 202408, 202409, 202410, 202411, 202412, 202501, 202502, 202503, 202504, 202505, 202506, 202507, 202508, 202509, 202510, 202511, 202512, 202601, 202602, 202603]
2026-04-10 21:05:29 | INFO     |   [DIAG] Columnas del individual: ['Equipo', 'Período', 'Indicador', 'Unidad', 'Periodicidad', 'Ejecucion']
2026-04-10 21:05:29 | INFO     |   [DIAG] Filas en individual: 4
2026-04-10 21:05:29 | INFO     |   [DIAG] Filas en maestro: 0
2026-04-10 21:05:29 | INFO     |   [DIAG] Individual fila 2 | original=('Analisis cuantitativo', 'Performance MAN') | normalizado=('analisis cuantitativo', 'performance man')
2026-04-10 21:05:29 | INFO     |   [DIAG] Individual fila 3 | original=('Analisis cuantitativo', 'Performance INV') | normalizado=('analisis cuantitativo', 'performance inv')
2026-04-10 21:05:29 | INFO     |   [DIAG] Individual fila 4 | original=('Analisis cuantitativo', 'Performance MAV') | normalizado=('analisis cuantitativo', 'performance mav')
2026-04-10 21:05:29 | DEBUG    |   [NO ENCONTRADO] ('analisis cuantitativo', 'performance man') en 'INDICADORES_ANALISIS_CUANTITATIVO_202603.xlsx'
2026-04-10 21:05:29 | DEBUG    |   [NO ENCONTRADO] ('analisis cuantitativo', 'performance inv') en 'INDICADORES_ANALISIS_CUANTITATIVO_202603.xlsx'
2026-04-10 21:05:29 | DEBUG    |   [NO ENCONTRADO] ('analisis cuantitativo', 'performance mav') en 'INDICADORES_ANALISIS_CUANTITATIVO_202603.xlsx'
2026-04-10 21:05:29 | DEBUG    |   [NO ENCONTRADO] ("ℹ celdas en azul claro = campos fijos. solo complete la columna 'ejecucion *'. este archivo tiene 3 indicadores del equipo 'analisis cuantitativo'. la meta se gestiona en el archivo anual de metas — no se ingresa aqui.", '') en 'INDICADORES_ANALISIS_CUANTITATIVO_202603.xlsx'
2026-04-10 21:05:29 | INFO     |   Cruce 'INDICADORES_ANALISIS_CUANTITATIVO_202603.xlsx': matches=0 | no_encontrados=4 | ambiguos=0
2026-04-10 21:05:29 | INFO     |   INSERT_NEW_RECORDS=True: intentando insertar 4 fila(s) no encontrada(s)...
2026-04-10 21:05:29 | INFO     |   [INSERT] Analisis cuantitativo | Performance MAN | Periodo=202604 | Ejecucion=50.0
2026-04-10 21:05:30 | INFO     |   [INSERT] Analisis cuantitativo | Performance INV | Periodo=202604 | Ejecucion=200.0
2026-04-10 21:05:30 | WARNING  |   [INSERT] No hay plantilla para Analisis cuantitativo | Performance MAV. Se creará fila mínima.
2026-04-10 21:05:30 | INFO     |   [INSERT] Analisis cuantitativo | Performance MAV | Periodo=202604 | Ejecucion=100.0
2026-04-10 21:05:30 | WARNING  |   [INSERT] No hay plantilla para ℹ️  Celdas en azul claro = campos fijos. Solo complete la columna 'Ejecución *'. Este archivo tiene 3 indicadores del equipo 'Analisis cuantitativo'. La Meta se gestiona en el archivo anual de metas — no se ingresa aquí. | nan. Se creará fila mínima.
2026-04-10 21:05:30 | INFO     |   [INSERT] ℹ️  Celdas en azul claro = campos fijos. Solo complete la columna 'Ejecución *'. Este archivo tiene 3 indicadores del equipo 'Analisis cuantitativo'. La Meta se gestiona en el archivo anual de metas — no se ingresa aquí. | nan | Periodo=202604 | Ejecucion=nan
2026-04-10 21:05:30 | INFO     |   → 4 fila(s) insertada(s) en el maestro.
2026-04-10 21:05:30 | INFO     | ────────────────────────────────────────────────────────────
2026-04-10 21:05:30 | INFO     | PASO 5: Guardando maestro actualizado...
2026-04-10 21:05:30 | INFO     |   → Maestro actualizado guardado en: C:\Users\lvarg\OneDrive\Escritorio\Maestro_actualizado.xlsx
2026-04-10 21:05:30 | INFO     | ────────────────────────────────────────────────────────────
2026-04-10 21:05:30 | INFO     | RESUMEN FINAL:
2026-04-10 21:05:30 | INFO     |   Archivos procesados  : 1
2026-04-10 21:05:30 | INFO     |   Registros actualizados: 4
2026-04-10 21:05:30 | INFO     |   No encontrados       : 0
2026-04-10 21:05:30 | INFO     |   Ambiguos             : 0
2026-04-10 21:05:30 | INFO     |   Dup. en maestro      : 0
2026-04-10 21:05:30 | INFO     |   Dup. en individuales : 0
2026-04-10 21:05:30 | INFO     |   Errores de fecha     : 0
2026-04-10 21:05:30 | INFO     |   Errores generales    : 0
2026-04-10 21:05:30 | INFO     | ────────────────────────────────────────────────────────────
2026-04-10 21:05:30 | INFO     | PASO 6: Generando reporte final...
2026-04-10 21:05:30 | INFO     | Reporte generado: c:\Users\lvarg\OneDrive\Escritorio\Proyecto\proyecto_indicadores\reports\Reporte_Indicadores_20260410_210530.xlsx
2026-04-10 21:05:30 | INFO     |   → Reporte disponible en: c:\Users\lvarg\OneDrive\Escritorio\Proyecto\proyecto_indicadores\reports\Reporte_Indicadores_20260410_210530.xlsx
2026-04-10 21:05:30 | INFO     | ────────────────────────────────────────────────────────────
2026-04-10 21:05:30 | INFO     | Proceso finalizado.
